INFO:root:Flickr uploader started   
DEBUG:root:Firing request token query
INFO:root:Flickr uploader started   
DEBUG:root:Firing request token query
INFO:requests.packages.urllib3.connectionpool:Starting new HTTPS connection (1): www.flickr.com
DEBUG:requests.packages.urllib3.connectionpool:"POST /services/oauth/request_token?oauth_signature_method=HMAC-SHA1&oauth_version=1.0&oauth_nonce=92557302&oauth_timestamp=1458234622&oauth_callback=http%253A%252F%252Fwww.example.com&oauth_signature=5fd10a00a5785c5823ed7282fff6e534c67f02fa&oauth_consumer_key=506b7323f92fb1b694c00abdf3eb44f0 HTTP/1.1" 401 251
DEBUG:root:Request status:401
INFO:root:Flickr uploader started   
DEBUG:root:Firing request token query
INFO:requests.packages.urllib3.connectionpool:Starting new HTTPS connection (1): www.flickr.com
DEBUG:requests.packages.urllib3.connectionpool:"GET /services/oauth/request_token?oauth_signature_method=HMAC-SHA1&oauth_signature=afca10c35a038a78bf95a7681bce53e9a4d5407f&oauth_callback=http%253A%252F%252Fwww.example.com&oauth_nonce=10150738&oauth_timestamp=1458234654&oauth_version=1.0&oauth_consumer_key=506b7323f92fb1b694c00abdf3eb44f0 HTTP/1.1" 401 249
DEBUG:root:Request status:401
INFO:root:Flickr uploader started   
DEBUG:root:Firing request token query
INFO:requests.packages.urllib3.connectionpool:Starting new HTTPS connection (1): www.flickr.com
DEBUG:requests.packages.urllib3.connectionpool:"POST /services/oauth/request_token?oauth_consumer_key=506b7323f92fb1b694c00abdf3eb44f0&oauth_signature=3466442428c6456f7e59161b77fa908c0d3d86aa&oauth_nonce=67767463&oauth_version=1.0&oauth_signature_method=HMAC-SHA1&oauth_callback=http%253A%252F%252Fwww.example.com&oauth_timestamp=1458234679 HTTP/1.1" 401 252
DEBUG:root:Request status:401
INFO:root:Flickr uploader started   
DEBUG:root:Firing request token query
INFO:requests.packages.urllib3.connectionpool:Starting new HTTPS connection (1): www.flickr.com
DEBUG:requests.packages.urllib3.connectionpool:"POST /services/oauth/request_token?oauth_version=1.0&oauth_signature_method=HMAC-SHA1&oauth_consumer_key=506b7323f92fb1b694c00abdf3eb44f0&oauth_nonce=31439060&oauth_timestamp=1458234697&oauth_callback=&oauth_signature=a48654404766bfe0596feaeaaece1b3da83ba4c3 HTTP/1.1" 401 232
DEBUG:root:Request status:401
INFO:root:Flickr uploader started   
DEBUG:root:Firing request token query
INFO:requests.packages.urllib3.connectionpool:Starting new HTTPS connection (1): www.flickr.com
DEBUG:requests.packages.urllib3.connectionpool:"POST /services/oauth/request_token?oauth_version=1.0&oauth_nonce=84643948&oauth_callback=&oauth_timestamp=1458234788&oauth_signature=a2c11ba4f28a95db449bdef032e2622ffd018263&oauth_consumer_key=506b7323f92fb1b694c00abdf3eb44f0&oauth_signature_method=HMAC-SHA1 HTTP/1.1" 401 233
DEBUG:root:Request status:401
INFO:root:Flickr uploader started   
DEBUG:root:Firing request token query
INFO:requests.packages.urllib3.connectionpool:Starting new HTTPS connection (1): www.flickr.com
DEBUG:requests.packages.urllib3.connectionpool:"POST /services/oauth/request_token?oauth_timestamp=1458234823&oauth_nonce=12406049&oauth_callback=&oauth_consumer_key=506b7323f92fb1b694c00abdf3eb44f0&oauth_version=1.0&oauth_signature=bac47071bd4c7386f66f5bb3e7910614709139a5&oauth_signature_method=HMAC-SHA1 HTTP/1.1" 401 229
DEBUG:root:Request status:401
INFO:root:Flickr uploader started   
DEBUG:root:Firing request token query
INFO:requests.packages.urllib3.connectionpool:Starting new HTTPS connection (1): www.flickr.com
DEBUG:requests.packages.urllib3.connectionpool:"POST /services/oauth/request_token?oauth_callback=&oauth_nonce=05114892&oauth_signature_method=HMAC-SHA1&oauth_consumer_key=506b7323f92fb1b694c00abdf3eb44f0&oauth_timestamp=1458234848&oauth_signature=d80a9b6ba0c4c24a83dca5cad36a5793fca1c6ae&oauth_version=1.0 HTTP/1.1" 401 233
DEBUG:root:Request token status:401
INFO:root:Flickr uploader started   
DEBUG:root:Firing request token query
INFO:requests.packages.urllib3.connectionpool:Starting new HTTPS connection (1): www.flickr.com
DEBUG:requests.packages.urllib3.connectionpool:"POST /services/oauth/request_token?oauth_version=1.0&oauth_signature_method=HMAC-SHA1&oauth_nonce=26382566&oauth_timestamp=1458234878&oauth_callback=&oauth_consumer_key=506b7323f92fb1b694c00abdf3eb44f0&oauth_signature=224977610cfde8a105e4e001dff09f936a858ae6 HTTP/1.1" 401 233
DEBUG:root:Request token status:401
INFO:root:Flickr uploader started   
DEBUG:requests_oauthlib.oauth1_session:Fetching token from https://www.flickr.com/services/oauth/request_token using client <Client realm=None, decoding=utf-8, timestamp=None, encoding=utf-8, verifier=None, signature_method=HMAC-SHA1, rsa_key=None, callback_uri=None, nonce=None, client_key=506b7323f92fb1b694c00abdf3eb44f0, resource_owner_key=None, signature_type=AUTH_HEADER, client_secret=****, resource_owner_secret=None>
DEBUG:requests_oauthlib.oauth1_auth:Signing request <PreparedRequest [POST]> using client <Client realm=None, decoding=utf-8, timestamp=None, encoding=utf-8, verifier=None, signature_method=HMAC-SHA1, rsa_key=None, callback_uri=None, nonce=None, client_key=506b7323f92fb1b694c00abdf3eb44f0, resource_owner_key=None, signature_type=AUTH_HEADER, client_secret=****, resource_owner_secret=None>
DEBUG:requests_oauthlib.oauth1_auth:Including body in call to sign: False
DEBUG:oauthlib.oauth1.rfc5849:Collected params: [('oauth_consumer_key', '506b7323f92fb1b694c00abdf3eb44f0'), ('oauth_version', '1.0'), ('oauth_signature_method', 'HMAC-SHA1'), ('oauth_nonce', '81517838858618392461458235078'), ('oauth_timestamp', '1458235078')]
DEBUG:oauthlib.oauth1.rfc5849:Normalized params: oauth_consumer_key=506b7323f92fb1b694c00abdf3eb44f0&oauth_nonce=81517838858618392461458235078&oauth_signature_method=HMAC-SHA1&oauth_timestamp=1458235078&oauth_version=1.0
DEBUG:oauthlib.oauth1.rfc5849:Normalized URI: https://www.flickr.com/services/oauth/request_token
DEBUG:oauthlib.oauth1.rfc5849:Base signing string: POST&https%3A%2F%2Fwww.flickr.com%2Fservices%2Foauth%2Frequest_token&oauth_consumer_key%3D506b7323f92fb1b694c00abdf3eb44f0%26oauth_nonce%3D81517838858618392461458235078%26oauth_signature_method%3DHMAC-SHA1%26oauth_timestamp%3D1458235078%26oauth_version%3D1.0
DEBUG:oauthlib.oauth1.rfc5849:Signature: ccAEytZIAPLwBZFJQ/yItkVLy5s=
DEBUG:oauthlib.oauth1.rfc5849:Encoding URI, headers and body to utf-8.
DEBUG:requests_oauthlib.oauth1_auth:Updated url: https://www.flickr.com/services/oauth/request_token
DEBUG:requests_oauthlib.oauth1_auth:Updated headers: {b'Connection': b'keep-alive', b'Authorization': b'OAuth oauth_nonce="81517838858618392461458235078", oauth_timestamp="1458235078", oauth_version="1.0", oauth_signature_method="HMAC-SHA1", oauth_consumer_key="506b7323f92fb1b694c00abdf3eb44f0", oauth_signature="ccAEytZIAPLwBZFJQ%2FyItkVLy5s%3D"', b'Accept': b'*/*', b'Accept-Encoding': b'gzip, deflate', b'Content-Length': b'0', b'User-Agent': b'python-requests/2.7.0 CPython/3.5.0 Darwin/14.0.0'}
DEBUG:requests_oauthlib.oauth1_auth:Updated body: None
INFO:requests.packages.urllib3.connectionpool:Starting new HTTPS connection (1): www.flickr.com
DEBUG:requests.packages.urllib3.connectionpool:"POST /services/oauth/request_token HTTP/1.1" 400 69
INFO:root:Flickr uploader started   
DEBUG:requests_oauthlib.oauth1_auth:Signing request <PreparedRequest [POST]> using client <Client client_secret=****, callback_uri=None, verifier=None, client_key=506b7323f92fb1b694c00abdf3eb44f0, signature_type=AUTH_HEADER, realm=None, resource_owner_key=None, rsa_key=None, resource_owner_secret=None, nonce=None, timestamp=None, encoding=utf-8, decoding=utf-8, signature_method=HMAC-SHA1>
DEBUG:requests_oauthlib.oauth1_auth:Including body in call to sign: False
DEBUG:oauthlib.oauth1.rfc5849:Collected params: [('oauth_signature_method', 'HMAC-SHA1'), ('oauth_consumer_key', '506b7323f92fb1b694c00abdf3eb44f0'), ('oauth_timestamp', '1458235249'), ('oauth_version', '1.0'), ('oauth_nonce', '88390552405360592311458235249')]
DEBUG:oauthlib.oauth1.rfc5849:Normalized params: oauth_consumer_key=506b7323f92fb1b694c00abdf3eb44f0&oauth_nonce=88390552405360592311458235249&oauth_signature_method=HMAC-SHA1&oauth_timestamp=1458235249&oauth_version=1.0
DEBUG:oauthlib.oauth1.rfc5849:Normalized URI: https://www.flickr.com/services/oauth/request_token
DEBUG:oauthlib.oauth1.rfc5849:Base signing string: POST&https%3A%2F%2Fwww.flickr.com%2Fservices%2Foauth%2Frequest_token&oauth_consumer_key%3D506b7323f92fb1b694c00abdf3eb44f0%26oauth_nonce%3D88390552405360592311458235249%26oauth_signature_method%3DHMAC-SHA1%26oauth_timestamp%3D1458235249%26oauth_version%3D1.0
DEBUG:oauthlib.oauth1.rfc5849:Signature: 0GsWR72UMoVwU6TBQn8pjbdX6TU=
DEBUG:oauthlib.oauth1.rfc5849:Encoding URI, headers and body to utf-8.
DEBUG:requests_oauthlib.oauth1_auth:Updated url: https://www.flickr.com/services/oauth/request_token
DEBUG:requests_oauthlib.oauth1_auth:Updated headers: {b'User-Agent': b'python-requests/2.7.0 CPython/3.5.0 Darwin/14.0.0', b'Authorization': b'OAuth oauth_nonce="88390552405360592311458235249", oauth_timestamp="1458235249", oauth_version="1.0", oauth_signature_method="HMAC-SHA1", oauth_consumer_key="506b7323f92fb1b694c00abdf3eb44f0", oauth_signature="0GsWR72UMoVwU6TBQn8pjbdX6TU%3D"', b'Connection': b'keep-alive', b'Content-Length': b'0', b'Accept-Encoding': b'gzip, deflate', b'Accept': b'*/*'}
DEBUG:requests_oauthlib.oauth1_auth:Updated body: None
INFO:requests.packages.urllib3.connectionpool:Starting new HTTPS connection (1): www.flickr.com
DEBUG:requests.packages.urllib3.connectionpool:"POST /services/oauth/request_token HTTP/1.1" 400 69
INFO:root:Flickr uploader started   
INFO:root:Flickr uploader started   
DEBUG:requests_oauthlib.oauth1_auth:Signing request <PreparedRequest [POST]> using client <Client signature_method=HMAC-SHA1, decoding=utf-8, resource_owner_secret=None, realm=None, client_key=506b7323f92fb1b694c00abdf3eb44f0, verifier=None, signature_type=QUERY, encoding=utf-8, rsa_key=None, nonce=None, client_secret=****, timestamp=None, callback_uri=None, resource_owner_key=None>
DEBUG:requests_oauthlib.oauth1_auth:Including body in call to sign: False
DEBUG:oauthlib.oauth1.rfc5849:Collected params: [('oauth_nonce', '51412626902492747611458235319'), ('oauth_timestamp', '1458235319'), ('oauth_version', '1.0'), ('oauth_signature_method', 'HMAC-SHA1'), ('oauth_consumer_key', '506b7323f92fb1b694c00abdf3eb44f0')]
DEBUG:oauthlib.oauth1.rfc5849:Normalized params: oauth_consumer_key=506b7323f92fb1b694c00abdf3eb44f0&oauth_nonce=51412626902492747611458235319&oauth_signature_method=HMAC-SHA1&oauth_timestamp=1458235319&oauth_version=1.0
DEBUG:oauthlib.oauth1.rfc5849:Normalized URI: https://www.flickr.com/services/oauth/request_token
DEBUG:oauthlib.oauth1.rfc5849:Base signing string: POST&https%3A%2F%2Fwww.flickr.com%2Fservices%2Foauth%2Frequest_token&oauth_consumer_key%3D506b7323f92fb1b694c00abdf3eb44f0%26oauth_nonce%3D51412626902492747611458235319%26oauth_signature_method%3DHMAC-SHA1%26oauth_timestamp%3D1458235319%26oauth_version%3D1.0
DEBUG:oauthlib.oauth1.rfc5849:Signature: cyDAk0LkQ8SmmcCtlbypGtS5lzc=
DEBUG:oauthlib.oauth1.rfc5849:Encoding URI, headers and body to utf-8.
DEBUG:requests_oauthlib.oauth1_auth:Updated url: https://www.flickr.com/services/oauth/request_token?oauth_nonce=51412626902492747611458235319&oauth_timestamp=1458235319&oauth_version=1.0&oauth_signature_method=HMAC-SHA1&oauth_consumer_key=506b7323f92fb1b694c00abdf3eb44f0&oauth_signature=cyDAk0LkQ8SmmcCtlbypGtS5lzc%3D
DEBUG:requests_oauthlib.oauth1_auth:Updated headers: {b'Connection': b'keep-alive', b'Content-Length': b'0', b'Accept-Encoding': b'gzip, deflate', b'Accept': b'*/*', b'User-Agent': b'python-requests/2.7.0 CPython/3.5.0 Darwin/14.0.0'}
DEBUG:requests_oauthlib.oauth1_auth:Updated body: None
INFO:requests.packages.urllib3.connectionpool:Starting new HTTPS connection (1): www.flickr.com
DEBUG:requests.packages.urllib3.connectionpool:"POST /services/oauth/request_token?oauth_nonce=51412626902492747611458235319&oauth_timestamp=1458235319&oauth_version=1.0&oauth_signature_method=HMAC-SHA1&oauth_consumer_key=506b7323f92fb1b694c00abdf3eb44f0&oauth_signature=cyDAk0LkQ8SmmcCtlbypGtS5lzc%3D HTTP/1.1" 400 69
INFO:root:Flickr uploader started   
DEBUG:requests_oauthlib.oauth1_auth:Signing request <PreparedRequest [POST]> using client <Client signature_method=HMAC-SHA1, timestamp=None, nonce=None, callback_uri=http://example.com, client_secret=****, verifier=None, encoding=utf-8, realm=None, resource_owner_secret=None, rsa_key=None, signature_type=QUERY, resource_owner_key=None, decoding=utf-8, client_key=506b7323f92fb1b694c00abdf3eb44f0>
DEBUG:requests_oauthlib.oauth1_auth:Including body in call to sign: False
DEBUG:oauthlib.oauth1.rfc5849:Collected params: [('oauth_nonce', '62956925822571261621458235429'), ('oauth_timestamp', '1458235429'), ('oauth_version', '1.0'), ('oauth_signature_method', 'HMAC-SHA1'), ('oauth_consumer_key', '506b7323f92fb1b694c00abdf3eb44f0'), ('oauth_callback', 'http://example.com')]
DEBUG:oauthlib.oauth1.rfc5849:Normalized params: oauth_callback=http%3A%2F%2Fexample.com&oauth_consumer_key=506b7323f92fb1b694c00abdf3eb44f0&oauth_nonce=62956925822571261621458235429&oauth_signature_method=HMAC-SHA1&oauth_timestamp=1458235429&oauth_version=1.0
DEBUG:oauthlib.oauth1.rfc5849:Normalized URI: https://www.flickr.com/services/oauth/request_token
DEBUG:oauthlib.oauth1.rfc5849:Base signing string: POST&https%3A%2F%2Fwww.flickr.com%2Fservices%2Foauth%2Frequest_token&oauth_callback%3Dhttp%253A%252F%252Fexample.com%26oauth_consumer_key%3D506b7323f92fb1b694c00abdf3eb44f0%26oauth_nonce%3D62956925822571261621458235429%26oauth_signature_method%3DHMAC-SHA1%26oauth_timestamp%3D1458235429%26oauth_version%3D1.0
DEBUG:oauthlib.oauth1.rfc5849:Signature: NMRxCi83SJrC8EbXeJJaSgwAbJ8=
DEBUG:oauthlib.oauth1.rfc5849:Encoding URI, headers and body to utf-8.
DEBUG:requests_oauthlib.oauth1_auth:Updated url: https://www.flickr.com/services/oauth/request_token?oauth_nonce=62956925822571261621458235429&oauth_timestamp=1458235429&oauth_version=1.0&oauth_signature_method=HMAC-SHA1&oauth_consumer_key=506b7323f92fb1b694c00abdf3eb44f0&oauth_callback=http%3A%2F%2Fexample.com&oauth_signature=NMRxCi83SJrC8EbXeJJaSgwAbJ8%3D
DEBUG:requests_oauthlib.oauth1_auth:Updated headers: {b'Accept-Encoding': b'gzip, deflate', b'User-Agent': b'python-requests/2.7.0 CPython/3.5.0 Darwin/14.0.0', b'Content-Length': b'0', b'Accept': b'*/*', b'Connection': b'keep-alive'}
DEBUG:requests_oauthlib.oauth1_auth:Updated body: None
INFO:requests.packages.urllib3.connectionpool:Starting new HTTPS connection (1): www.flickr.com
DEBUG:requests.packages.urllib3.connectionpool:"POST /services/oauth/request_token?oauth_nonce=62956925822571261621458235429&oauth_timestamp=1458235429&oauth_version=1.0&oauth_signature_method=HMAC-SHA1&oauth_consumer_key=506b7323f92fb1b694c00abdf3eb44f0&oauth_callback=http%3A%2F%2Fexample.com&oauth_signature=NMRxCi83SJrC8EbXeJJaSgwAbJ8%3D HTTP/1.1" 200 109
INFO:root:Flickr uploader started   
DEBUG:requests_oauthlib.oauth1_auth:Signing request <PreparedRequest [POST]> using client <Client realm=None, resource_owner_secret=None, rsa_key=None, encoding=utf-8, client_key=506b7323f92fb1b694c00abdf3eb44f0, verifier=None, decoding=utf-8, nonce=None, client_secret=****, callback_uri=, resource_owner_key=None, signature_method=HMAC-SHA1, signature_type=QUERY, timestamp=None>
DEBUG:requests_oauthlib.oauth1_auth:Including body in call to sign: False
DEBUG:oauthlib.oauth1.rfc5849:Collected params: [('oauth_nonce', '147216123664299553271458235446'), ('oauth_timestamp', '1458235446'), ('oauth_version', '1.0'), ('oauth_signature_method', 'HMAC-SHA1'), ('oauth_consumer_key', '506b7323f92fb1b694c00abdf3eb44f0')]
DEBUG:oauthlib.oauth1.rfc5849:Normalized params: oauth_consumer_key=506b7323f92fb1b694c00abdf3eb44f0&oauth_nonce=147216123664299553271458235446&oauth_signature_method=HMAC-SHA1&oauth_timestamp=1458235446&oauth_version=1.0
DEBUG:oauthlib.oauth1.rfc5849:Normalized URI: https://www.flickr.com/services/oauth/request_token
DEBUG:oauthlib.oauth1.rfc5849:Base signing string: POST&https%3A%2F%2Fwww.flickr.com%2Fservices%2Foauth%2Frequest_token&oauth_consumer_key%3D506b7323f92fb1b694c00abdf3eb44f0%26oauth_nonce%3D147216123664299553271458235446%26oauth_signature_method%3DHMAC-SHA1%26oauth_timestamp%3D1458235446%26oauth_version%3D1.0
DEBUG:oauthlib.oauth1.rfc5849:Signature: Aowed3hSKIOMO3cd2c3IlSHNgrM=
DEBUG:oauthlib.oauth1.rfc5849:Encoding URI, headers and body to utf-8.
DEBUG:requests_oauthlib.oauth1_auth:Updated url: https://www.flickr.com/services/oauth/request_token?oauth_nonce=147216123664299553271458235446&oauth_timestamp=1458235446&oauth_version=1.0&oauth_signature_method=HMAC-SHA1&oauth_consumer_key=506b7323f92fb1b694c00abdf3eb44f0&oauth_signature=Aowed3hSKIOMO3cd2c3IlSHNgrM%3D
DEBUG:requests_oauthlib.oauth1_auth:Updated headers: {b'User-Agent': b'python-requests/2.7.0 CPython/3.5.0 Darwin/14.0.0', b'Content-Length': b'0', b'Accept': b'*/*', b'Connection': b'keep-alive', b'Accept-Encoding': b'gzip, deflate'}
DEBUG:requests_oauthlib.oauth1_auth:Updated body: None
INFO:requests.packages.urllib3.connectionpool:Starting new HTTPS connection (1): www.flickr.com
DEBUG:requests.packages.urllib3.connectionpool:"POST /services/oauth/request_token?oauth_nonce=147216123664299553271458235446&oauth_timestamp=1458235446&oauth_version=1.0&oauth_signature_method=HMAC-SHA1&oauth_consumer_key=506b7323f92fb1b694c00abdf3eb44f0&oauth_signature=Aowed3hSKIOMO3cd2c3IlSHNgrM%3D HTTP/1.1" 400 69
INFO:root:Flickr uploader started   
DEBUG:requests_oauthlib.oauth1_auth:Signing request <PreparedRequest [POST]> using client <Client client_key=506b7323f92fb1b694c00abdf3eb44f0, client_secret=****, nonce=None, verifier=None, realm=None, timestamp=None, callback_uri=http://example.com, signature_method=HMAC-SHA1, resource_owner_key=None, signature_type=QUERY, resource_owner_secret=None, encoding=utf-8, rsa_key=None, decoding=utf-8>
DEBUG:requests_oauthlib.oauth1_auth:Including body in call to sign: False
DEBUG:oauthlib.oauth1.rfc5849:Collected params: [('oauth_nonce', '114449596221083175661458235456'), ('oauth_timestamp', '1458235456'), ('oauth_version', '1.0'), ('oauth_signature_method', 'HMAC-SHA1'), ('oauth_consumer_key', '506b7323f92fb1b694c00abdf3eb44f0'), ('oauth_callback', 'http://example.com')]
DEBUG:oauthlib.oauth1.rfc5849:Normalized params: oauth_callback=http%3A%2F%2Fexample.com&oauth_consumer_key=506b7323f92fb1b694c00abdf3eb44f0&oauth_nonce=114449596221083175661458235456&oauth_signature_method=HMAC-SHA1&oauth_timestamp=1458235456&oauth_version=1.0
DEBUG:oauthlib.oauth1.rfc5849:Normalized URI: https://www.flickr.com/services/oauth/request_token
DEBUG:oauthlib.oauth1.rfc5849:Base signing string: POST&https%3A%2F%2Fwww.flickr.com%2Fservices%2Foauth%2Frequest_token&oauth_callback%3Dhttp%253A%252F%252Fexample.com%26oauth_consumer_key%3D506b7323f92fb1b694c00abdf3eb44f0%26oauth_nonce%3D114449596221083175661458235456%26oauth_signature_method%3DHMAC-SHA1%26oauth_timestamp%3D1458235456%26oauth_version%3D1.0
DEBUG:oauthlib.oauth1.rfc5849:Signature: wHNSiM0rjWUo2d3XirSAXwM4qKo=
DEBUG:oauthlib.oauth1.rfc5849:Encoding URI, headers and body to utf-8.
DEBUG:requests_oauthlib.oauth1_auth:Updated url: https://www.flickr.com/services/oauth/request_token?oauth_nonce=114449596221083175661458235456&oauth_timestamp=1458235456&oauth_version=1.0&oauth_signature_method=HMAC-SHA1&oauth_consumer_key=506b7323f92fb1b694c00abdf3eb44f0&oauth_callback=http%3A%2F%2Fexample.com&oauth_signature=wHNSiM0rjWUo2d3XirSAXwM4qKo%3D
DEBUG:requests_oauthlib.oauth1_auth:Updated headers: {b'Connection': b'keep-alive', b'User-Agent': b'python-requests/2.7.0 CPython/3.5.0 Darwin/14.0.0', b'Content-Length': b'0', b'Accept': b'*/*', b'Accept-Encoding': b'gzip, deflate'}
DEBUG:requests_oauthlib.oauth1_auth:Updated body: None
INFO:requests.packages.urllib3.connectionpool:Starting new HTTPS connection (1): www.flickr.com
DEBUG:requests.packages.urllib3.connectionpool:"POST /services/oauth/request_token?oauth_nonce=114449596221083175661458235456&oauth_timestamp=1458235456&oauth_version=1.0&oauth_signature_method=HMAC-SHA1&oauth_consumer_key=506b7323f92fb1b694c00abdf3eb44f0&oauth_callback=http%3A%2F%2Fexample.com&oauth_signature=wHNSiM0rjWUo2d3XirSAXwM4qKo%3D HTTP/1.1" 200 110
INFO:root:Flickr uploader started   
DEBUG:requests_oauthlib.oauth1_auth:Signing request <PreparedRequest [POST]> using client <Client client_secret=****, resource_owner_key=None, verifier=None, encoding=utf-8, callback_uri=http://example.com, rsa_key=None, signature_type=QUERY, realm=None, signature_method=HMAC-SHA1, decoding=utf-8, resource_owner_secret=None, client_key=506b7323f92fb1b694c00abdf3eb44f0, nonce=None, timestamp=None>
DEBUG:requests_oauthlib.oauth1_auth:Including body in call to sign: False
DEBUG:oauthlib.oauth1.rfc5849:Collected params: [('oauth_nonce', '3861319655685729551458235523'), ('oauth_timestamp', '1458235523'), ('oauth_version', '1.0'), ('oauth_signature_method', 'HMAC-SHA1'), ('oauth_consumer_key', '506b7323f92fb1b694c00abdf3eb44f0'), ('oauth_callback', 'http://example.com')]
DEBUG:oauthlib.oauth1.rfc5849:Normalized params: oauth_callback=http%3A%2F%2Fexample.com&oauth_consumer_key=506b7323f92fb1b694c00abdf3eb44f0&oauth_nonce=3861319655685729551458235523&oauth_signature_method=HMAC-SHA1&oauth_timestamp=1458235523&oauth_version=1.0
DEBUG:oauthlib.oauth1.rfc5849:Normalized URI: https://www.flickr.com/services/oauth/request_token
DEBUG:oauthlib.oauth1.rfc5849:Base signing string: POST&https%3A%2F%2Fwww.flickr.com%2Fservices%2Foauth%2Frequest_token&oauth_callback%3Dhttp%253A%252F%252Fexample.com%26oauth_consumer_key%3D506b7323f92fb1b694c00abdf3eb44f0%26oauth_nonce%3D3861319655685729551458235523%26oauth_signature_method%3DHMAC-SHA1%26oauth_timestamp%3D1458235523%26oauth_version%3D1.0
DEBUG:oauthlib.oauth1.rfc5849:Signature: HOF5fenevpNOfU+SURaNgLsyKrw=
DEBUG:oauthlib.oauth1.rfc5849:Encoding URI, headers and body to utf-8.
DEBUG:requests_oauthlib.oauth1_auth:Updated url: https://www.flickr.com/services/oauth/request_token?oauth_nonce=3861319655685729551458235523&oauth_timestamp=1458235523&oauth_version=1.0&oauth_signature_method=HMAC-SHA1&oauth_consumer_key=506b7323f92fb1b694c00abdf3eb44f0&oauth_callback=http%3A%2F%2Fexample.com&oauth_signature=HOF5fenevpNOfU%2BSURaNgLsyKrw%3D
DEBUG:requests_oauthlib.oauth1_auth:Updated headers: {b'User-Agent': b'python-requests/2.7.0 CPython/3.5.0 Darwin/14.0.0', b'Content-Length': b'0', b'Accept': b'*/*', b'Connection': b'keep-alive', b'Accept-Encoding': b'gzip, deflate'}
DEBUG:requests_oauthlib.oauth1_auth:Updated body: None
INFO:requests.packages.urllib3.connectionpool:Starting new HTTPS connection (1): www.flickr.com
DEBUG:requests.packages.urllib3.connectionpool:"POST /services/oauth/request_token?oauth_nonce=3861319655685729551458235523&oauth_timestamp=1458235523&oauth_version=1.0&oauth_signature_method=HMAC-SHA1&oauth_consumer_key=506b7323f92fb1b694c00abdf3eb44f0&oauth_callback=http%3A%2F%2Fexample.com&oauth_signature=HOF5fenevpNOfU%2BSURaNgLsyKrw%3D HTTP/1.1" 200 109
DEBUG:root:Firing request token query
INFO:root:Flickr uploader started   
DEBUG:requests_oauthlib.oauth1_auth:Signing request <PreparedRequest [POST]> using client <Client signature_method=HMAC-SHA1, resource_owner_key=None, client_key=506b7323f92fb1b694c00abdf3eb44f0, verifier=None, rsa_key=None, client_secret=****, callback_uri=http://example.com, timestamp=None, decoding=utf-8, nonce=None, signature_type=QUERY, resource_owner_secret=None, realm=None, encoding=utf-8>
DEBUG:requests_oauthlib.oauth1_auth:Including body in call to sign: False
DEBUG:oauthlib.oauth1.rfc5849:Collected params: [('oauth_nonce', '138131442862241649971458235539'), ('oauth_timestamp', '1458235539'), ('oauth_version', '1.0'), ('oauth_signature_method', 'HMAC-SHA1'), ('oauth_consumer_key', '506b7323f92fb1b694c00abdf3eb44f0'), ('oauth_callback', 'http://example.com')]
DEBUG:oauthlib.oauth1.rfc5849:Normalized params: oauth_callback=http%3A%2F%2Fexample.com&oauth_consumer_key=506b7323f92fb1b694c00abdf3eb44f0&oauth_nonce=138131442862241649971458235539&oauth_signature_method=HMAC-SHA1&oauth_timestamp=1458235539&oauth_version=1.0
DEBUG:oauthlib.oauth1.rfc5849:Normalized URI: https://www.flickr.com/services/oauth/request_token
DEBUG:oauthlib.oauth1.rfc5849:Base signing string: POST&https%3A%2F%2Fwww.flickr.com%2Fservices%2Foauth%2Frequest_token&oauth_callback%3Dhttp%253A%252F%252Fexample.com%26oauth_consumer_key%3D506b7323f92fb1b694c00abdf3eb44f0%26oauth_nonce%3D138131442862241649971458235539%26oauth_signature_method%3DHMAC-SHA1%26oauth_timestamp%3D1458235539%26oauth_version%3D1.0
DEBUG:oauthlib.oauth1.rfc5849:Signature: B4wX5aRF/+R1cFlxZzjZrHRf38w=
DEBUG:oauthlib.oauth1.rfc5849:Encoding URI, headers and body to utf-8.
DEBUG:requests_oauthlib.oauth1_auth:Updated url: https://www.flickr.com/services/oauth/request_token?oauth_nonce=138131442862241649971458235539&oauth_timestamp=1458235539&oauth_version=1.0&oauth_signature_method=HMAC-SHA1&oauth_consumer_key=506b7323f92fb1b694c00abdf3eb44f0&oauth_callback=http%3A%2F%2Fexample.com&oauth_signature=B4wX5aRF%2F%2BR1cFlxZzjZrHRf38w%3D
DEBUG:requests_oauthlib.oauth1_auth:Updated headers: {b'Accept-Encoding': b'gzip, deflate', b'Accept': b'*/*', b'Connection': b'keep-alive', b'Content-Length': b'0', b'User-Agent': b'python-requests/2.7.0 CPython/3.5.0 Darwin/14.0.0'}
DEBUG:requests_oauthlib.oauth1_auth:Updated body: None
INFO:requests.packages.urllib3.connectionpool:Starting new HTTPS connection (1): www.flickr.com
DEBUG:requests.packages.urllib3.connectionpool:"POST /services/oauth/request_token?oauth_nonce=138131442862241649971458235539&oauth_timestamp=1458235539&oauth_version=1.0&oauth_signature_method=HMAC-SHA1&oauth_consumer_key=506b7323f92fb1b694c00abdf3eb44f0&oauth_callback=http%3A%2F%2Fexample.com&oauth_signature=B4wX5aRF%2F%2BR1cFlxZzjZrHRf38w%3D HTTP/1.1" 200 109
DEBUG:root:Firing request token query
DEBUG:root:Request token status:200
INFO:root:Flickr uploader started   
DEBUG:requests_oauthlib.oauth1_auth:Signing request <PreparedRequest [POST]> using client <Client rsa_key=None, client_key=506b7323f92fb1b694c00abdf3eb44f0, signature_type=QUERY, timestamp=None, resource_owner_key=None, realm=None, signature_method=HMAC-SHA1, decoding=utf-8, verifier=None, client_secret=****, callback_uri=http://example.com, resource_owner_secret=None, nonce=None, encoding=utf-8>
DEBUG:requests_oauthlib.oauth1_auth:Including body in call to sign: False
DEBUG:oauthlib.oauth1.rfc5849:Collected params: [('oauth_nonce', '39292374241520172271458235555'), ('oauth_timestamp', '1458235555'), ('oauth_version', '1.0'), ('oauth_signature_method', 'HMAC-SHA1'), ('oauth_consumer_key', '506b7323f92fb1b694c00abdf3eb44f0'), ('oauth_callback', 'http://example.com')]
DEBUG:oauthlib.oauth1.rfc5849:Normalized params: oauth_callback=http%3A%2F%2Fexample.com&oauth_consumer_key=506b7323f92fb1b694c00abdf3eb44f0&oauth_nonce=39292374241520172271458235555&oauth_signature_method=HMAC-SHA1&oauth_timestamp=1458235555&oauth_version=1.0
DEBUG:oauthlib.oauth1.rfc5849:Normalized URI: https://www.flickr.com/services/oauth/request_token
DEBUG:oauthlib.oauth1.rfc5849:Base signing string: POST&https%3A%2F%2Fwww.flickr.com%2Fservices%2Foauth%2Frequest_token&oauth_callback%3Dhttp%253A%252F%252Fexample.com%26oauth_consumer_key%3D506b7323f92fb1b694c00abdf3eb44f0%26oauth_nonce%3D39292374241520172271458235555%26oauth_signature_method%3DHMAC-SHA1%26oauth_timestamp%3D1458235555%26oauth_version%3D1.0
DEBUG:oauthlib.oauth1.rfc5849:Signature: icXdw2W5nGYtk8tJVu94a5zU2Sc=
DEBUG:oauthlib.oauth1.rfc5849:Encoding URI, headers and body to utf-8.
DEBUG:requests_oauthlib.oauth1_auth:Updated url: https://www.flickr.com/services/oauth/request_token?oauth_nonce=39292374241520172271458235555&oauth_timestamp=1458235555&oauth_version=1.0&oauth_signature_method=HMAC-SHA1&oauth_consumer_key=506b7323f92fb1b694c00abdf3eb44f0&oauth_callback=http%3A%2F%2Fexample.com&oauth_signature=icXdw2W5nGYtk8tJVu94a5zU2Sc%3D
DEBUG:requests_oauthlib.oauth1_auth:Updated headers: {b'Connection': b'keep-alive', b'Accept': b'*/*', b'User-Agent': b'python-requests/2.7.0 CPython/3.5.0 Darwin/14.0.0', b'Content-Length': b'0', b'Accept-Encoding': b'gzip, deflate'}
DEBUG:requests_oauthlib.oauth1_auth:Updated body: None
INFO:requests.packages.urllib3.connectionpool:Starting new HTTPS connection (1): www.flickr.com
DEBUG:requests.packages.urllib3.connectionpool:"POST /services/oauth/request_token?oauth_nonce=39292374241520172271458235555&oauth_timestamp=1458235555&oauth_version=1.0&oauth_signature_method=HMAC-SHA1&oauth_consumer_key=506b7323f92fb1b694c00abdf3eb44f0&oauth_callback=http%3A%2F%2Fexample.com&oauth_signature=icXdw2W5nGYtk8tJVu94a5zU2Sc%3D HTTP/1.1" 200 109
DEBUG:root:Firing request token query
DEBUG:root:Request token status:200
INFO:root:Flickr uploader started   
DEBUG:requests_oauthlib.oauth1_auth:Signing request <PreparedRequest [POST]> using client <Client encoding=utf-8, rsa_key=None, resource_owner_secret=None, timestamp=None, signature_method=HMAC-SHA1, realm=None, client_key=506b7323f92fb1b694c00abdf3eb44f0, client_secret=****, callback_uri=http://example.com, verifier=None, nonce=None, resource_owner_key=None, decoding=utf-8, signature_type=QUERY>
DEBUG:requests_oauthlib.oauth1_auth:Including body in call to sign: False
DEBUG:oauthlib.oauth1.rfc5849:Collected params: [('oauth_nonce', '94277433361820502911458235616'), ('oauth_timestamp', '1458235616'), ('oauth_version', '1.0'), ('oauth_signature_method', 'HMAC-SHA1'), ('oauth_consumer_key', '506b7323f92fb1b694c00abdf3eb44f0'), ('oauth_callback', 'http://example.com')]
DEBUG:oauthlib.oauth1.rfc5849:Normalized params: oauth_callback=http%3A%2F%2Fexample.com&oauth_consumer_key=506b7323f92fb1b694c00abdf3eb44f0&oauth_nonce=94277433361820502911458235616&oauth_signature_method=HMAC-SHA1&oauth_timestamp=1458235616&oauth_version=1.0
DEBUG:oauthlib.oauth1.rfc5849:Normalized URI: https://www.flickr.com/services/oauth/request_token
DEBUG:oauthlib.oauth1.rfc5849:Base signing string: POST&https%3A%2F%2Fwww.flickr.com%2Fservices%2Foauth%2Frequest_token&oauth_callback%3Dhttp%253A%252F%252Fexample.com%26oauth_consumer_key%3D506b7323f92fb1b694c00abdf3eb44f0%26oauth_nonce%3D94277433361820502911458235616%26oauth_signature_method%3DHMAC-SHA1%26oauth_timestamp%3D1458235616%26oauth_version%3D1.0
DEBUG:oauthlib.oauth1.rfc5849:Signature: WIvuN7EI5sIv0Ms/k2mvUZ600zo=
DEBUG:oauthlib.oauth1.rfc5849:Encoding URI, headers and body to utf-8.
DEBUG:requests_oauthlib.oauth1_auth:Updated url: https://www.flickr.com/services/oauth/request_token?oauth_nonce=94277433361820502911458235616&oauth_timestamp=1458235616&oauth_version=1.0&oauth_signature_method=HMAC-SHA1&oauth_consumer_key=506b7323f92fb1b694c00abdf3eb44f0&oauth_callback=http%3A%2F%2Fexample.com&oauth_signature=WIvuN7EI5sIv0Ms%2Fk2mvUZ600zo%3D
DEBUG:requests_oauthlib.oauth1_auth:Updated headers: {b'Accept': b'*/*', b'Connection': b'keep-alive', b'Accept-Encoding': b'gzip, deflate', b'User-Agent': b'python-requests/2.7.0 CPython/3.5.0 Darwin/14.0.0', b'Content-Length': b'0'}
DEBUG:requests_oauthlib.oauth1_auth:Updated body: None
INFO:requests.packages.urllib3.connectionpool:Starting new HTTPS connection (1): www.flickr.com
DEBUG:requests.packages.urllib3.connectionpool:"POST /services/oauth/request_token?oauth_nonce=94277433361820502911458235616&oauth_timestamp=1458235616&oauth_version=1.0&oauth_signature_method=HMAC-SHA1&oauth_consumer_key=506b7323f92fb1b694c00abdf3eb44f0&oauth_callback=http%3A%2F%2Fexample.com&oauth_signature=WIvuN7EI5sIv0Ms%2Fk2mvUZ600zo%3D HTTP/1.1" 200 110
DEBUG:root:Firing request token query
DEBUG:root:Request token status:200
INFO:root:Flickr uploader started   
DEBUG:requests_oauthlib.oauth1_auth:Signing request <PreparedRequest [GET]> using client <Client rsa_key=None, nonce=None, signature_method=HMAC-SHA1, verifier=None, encoding=utf-8, resource_owner_secret=None, signature_type=QUERY, resource_owner_key=None, callback_uri=http://example.com, decoding=utf-8, client_secret=****, client_key=506b7323f92fb1b694c00abdf3eb44f0, realm=None, timestamp=None>
DEBUG:requests_oauthlib.oauth1_auth:Including body in call to sign: False
DEBUG:oauthlib.oauth1.rfc5849:Collected params: [('oauth_nonce', '141256208803024080281458235702'), ('oauth_timestamp', '1458235702'), ('oauth_version', '1.0'), ('oauth_signature_method', 'HMAC-SHA1'), ('oauth_consumer_key', '506b7323f92fb1b694c00abdf3eb44f0'), ('oauth_callback', 'http://example.com')]
DEBUG:oauthlib.oauth1.rfc5849:Normalized params: oauth_callback=http%3A%2F%2Fexample.com&oauth_consumer_key=506b7323f92fb1b694c00abdf3eb44f0&oauth_nonce=141256208803024080281458235702&oauth_signature_method=HMAC-SHA1&oauth_timestamp=1458235702&oauth_version=1.0
DEBUG:oauthlib.oauth1.rfc5849:Normalized URI: https://www.flickr.com/services/oauth/request_token
DEBUG:oauthlib.oauth1.rfc5849:Base signing string: GET&https%3A%2F%2Fwww.flickr.com%2Fservices%2Foauth%2Frequest_token&oauth_callback%3Dhttp%253A%252F%252Fexample.com%26oauth_consumer_key%3D506b7323f92fb1b694c00abdf3eb44f0%26oauth_nonce%3D141256208803024080281458235702%26oauth_signature_method%3DHMAC-SHA1%26oauth_timestamp%3D1458235702%26oauth_version%3D1.0
DEBUG:oauthlib.oauth1.rfc5849:Signature: IrULMfVLlDd6mxOlDYlHEAZGUmQ=
DEBUG:oauthlib.oauth1.rfc5849:Encoding URI, headers and body to utf-8.
DEBUG:requests_oauthlib.oauth1_auth:Updated url: https://www.flickr.com/services/oauth/request_token?oauth_nonce=141256208803024080281458235702&oauth_timestamp=1458235702&oauth_version=1.0&oauth_signature_method=HMAC-SHA1&oauth_consumer_key=506b7323f92fb1b694c00abdf3eb44f0&oauth_callback=http%3A%2F%2Fexample.com&oauth_signature=IrULMfVLlDd6mxOlDYlHEAZGUmQ%3D
DEBUG:requests_oauthlib.oauth1_auth:Updated headers: {b'Connection': b'keep-alive', b'Accept-Encoding': b'gzip, deflate', b'Accept': b'*/*', b'User-Agent': b'python-requests/2.7.0 CPython/3.5.0 Darwin/14.0.0'}
DEBUG:requests_oauthlib.oauth1_auth:Updated body: None
INFO:requests.packages.urllib3.connectionpool:Starting new HTTPS connection (1): www.flickr.com
DEBUG:requests.packages.urllib3.connectionpool:"GET /services/oauth/request_token?oauth_nonce=141256208803024080281458235702&oauth_timestamp=1458235702&oauth_version=1.0&oauth_signature_method=HMAC-SHA1&oauth_consumer_key=506b7323f92fb1b694c00abdf3eb44f0&oauth_callback=http%3A%2F%2Fexample.com&oauth_signature=IrULMfVLlDd6mxOlDYlHEAZGUmQ%3D HTTP/1.1" 200 111
DEBUG:root:Firing request token query
DEBUG:root:Request token status:200
INFO:root:Flickr uploader started   
DEBUG:requests_oauthlib.oauth1_auth:Signing request <PreparedRequest [GET]> using client <Client callback_uri=http://example.com, realm=None, client_key=506b7323f92fb1b694c00abdf3eb44f0, client_secret=****, signature_method=HMAC-SHA1, nonce=None, timestamp=None, resource_owner_secret=None, verifier=None, encoding=utf-8, signature_type=QUERY, decoding=utf-8, rsa_key=None, resource_owner_key=None>
DEBUG:requests_oauthlib.oauth1_auth:Including body in call to sign: False
DEBUG:oauthlib.oauth1.rfc5849:Collected params: [('oauth_nonce', '42439711585096294851458235745'), ('oauth_timestamp', '1458235745'), ('oauth_version', '1.0'), ('oauth_signature_method', 'HMAC-SHA1'), ('oauth_consumer_key', '506b7323f92fb1b694c00abdf3eb44f0'), ('oauth_callback', 'http://example.com')]
DEBUG:oauthlib.oauth1.rfc5849:Normalized params: oauth_callback=http%3A%2F%2Fexample.com&oauth_consumer_key=506b7323f92fb1b694c00abdf3eb44f0&oauth_nonce=42439711585096294851458235745&oauth_signature_method=HMAC-SHA1&oauth_timestamp=1458235745&oauth_version=1.0
DEBUG:oauthlib.oauth1.rfc5849:Normalized URI: https://www.flickr.com/services/oauth/request_token
DEBUG:oauthlib.oauth1.rfc5849:Base signing string: GET&https%3A%2F%2Fwww.flickr.com%2Fservices%2Foauth%2Frequest_token&oauth_callback%3Dhttp%253A%252F%252Fexample.com%26oauth_consumer_key%3D506b7323f92fb1b694c00abdf3eb44f0%26oauth_nonce%3D42439711585096294851458235745%26oauth_signature_method%3DHMAC-SHA1%26oauth_timestamp%3D1458235745%26oauth_version%3D1.0
DEBUG:oauthlib.oauth1.rfc5849:Signature: HOgge2DFcT5n3cY5X3bmU2b7hu0=
DEBUG:oauthlib.oauth1.rfc5849:Encoding URI, headers and body to utf-8.
DEBUG:requests_oauthlib.oauth1_auth:Updated url: https://www.flickr.com/services/oauth/request_token?oauth_nonce=42439711585096294851458235745&oauth_timestamp=1458235745&oauth_version=1.0&oauth_signature_method=HMAC-SHA1&oauth_consumer_key=506b7323f92fb1b694c00abdf3eb44f0&oauth_callback=http%3A%2F%2Fexample.com&oauth_signature=HOgge2DFcT5n3cY5X3bmU2b7hu0%3D
DEBUG:requests_oauthlib.oauth1_auth:Updated headers: {b'User-Agent': b'python-requests/2.7.0 CPython/3.5.0 Darwin/14.0.0', b'Accept-Encoding': b'gzip, deflate', b'Accept': b'*/*', b'Connection': b'keep-alive'}
DEBUG:requests_oauthlib.oauth1_auth:Updated body: None
INFO:requests.packages.urllib3.connectionpool:Starting new HTTPS connection (1): www.flickr.com
DEBUG:requests.packages.urllib3.connectionpool:"GET /services/oauth/request_token?oauth_nonce=42439711585096294851458235745&oauth_timestamp=1458235745&oauth_version=1.0&oauth_signature_method=HMAC-SHA1&oauth_consumer_key=506b7323f92fb1b694c00abdf3eb44f0&oauth_callback=http%3A%2F%2Fexample.com&oauth_signature=HOgge2DFcT5n3cY5X3bmU2b7hu0%3D HTTP/1.1" 200 112
DEBUG:root:Firing request token query
DEBUG:root:Request token status:200
